[2021-09-11 11:16:33] Текст ошибки:Страница не найдена |
         Файл: C:\OpenServer\domains\ishop2.loc\public\index.php | Строка: 8
================
[2021-09-11 11:16:33] Текст ошибки:Страница не найдена |
         Файл: C:\OpenServer\domains\ishop2.loc\public\index.php | Строка: 8
================
[2021-09-11 11:17:13] Текст ошибки:Страница не найдена |
         Файл: C:\OpenServer\domains\ishop2.loc\public\index.php | Строка: 8
================
[2021-09-11 11:17:13] Текст ошибки:Страница не найдена |
         Файл: C:\OpenServer\domains\ishop2.loc\public\index.php | Строка: 8
================
[2021-09-11 11:17:25] Текст ошибки:Страница не найдена |
         Файл: C:\OpenServer\domains\ishop2.loc\public\index.php | Строка: 8
================
[2021-09-11 11:17:25] Текст ошибки:Страница не найдена |
         Файл: C:\OpenServer\domains\ishop2.loc\public\index.php | Строка: 8
================
[2021-09-11 11:17:39] Текст ошибки:Страница не найдена |
         Файл: C:\OpenServer\domains\ishop2.loc\public\index.php | Строка: 8
================
[2021-09-11 11:17:39] Текст ошибки:Страница не найдена |
         Файл: C:\OpenServer\domains\ishop2.loc\public\index.php | Строка: 8
================
[2021-09-11 11:18:03] Текст ошибки:Страница не найдена |
         Файл: C:\OpenServer\domains\ishop2.loc\public\index.php | Строка: 8
================
[2021-09-11 11:18:14] Текст ошибки:Страница не найдена |
         Файл: C:\OpenServer\domains\ishop2.loc\public\index.php | Строка: 8
================
[2021-09-11 11:19:00] Текст ошибки:Страница не найдена |
         Файл: C:\OpenServer\domains\ishop2.loc\public\index.php | Строка: 8
================
[2021-09-11 11:19:00] Текст ошибки:Страница не найдена |
         Файл: C:\OpenServer\domains\ishop2.loc\public\index.php | Строка: 8
================
[2021-09-11 11:19:07] Текст ошибки:Страница не найдена |
         Файл: C:\OpenServer\domains\ishop2.loc\public\index.php | Строка: 8
================
[2021-09-11 11:19:07] Текст ошибки:Страница не найдена |
         Файл: C:\OpenServer\domains\ishop2.loc\public\index.php | Строка: 8
================
[2021-09-11 11:20:51] Текст ошибки:Страница не найдена |
         Файл: C:\OpenServer\domains\ishop2.loc\public\index.php | Строка: 8
================
[2021-09-11 11:20:52] Текст ошибки:Страница не найдена |
         Файл: C:\OpenServer\domains\ishop2.loc\public\index.php | Строка: 8
================
[2021-09-11 11:20:55] Текст ошибки:Страница не найдена |
         Файл: C:\OpenServer\domains\ishop2.loc\public\index.php | Строка: 8
================
[2021-09-11 11:20:55] Текст ошибки:Страница не найдена |
         Файл: C:\OpenServer\domains\ishop2.loc\public\index.php | Строка: 8
================
[2021-09-11 11:21:32] Текст ошибки:Страница не найдена |
         Файл: C:\OpenServer\domains\ishop2.loc\public\index.php | Строка: 8
================
[2021-09-11 11:21:32] Текст ошибки:Страница не найдена |
         Файл: C:\OpenServer\domains\ishop2.loc\public\index.php | Строка: 8
================
[2021-09-11 11:21:52] Текст ошибки:Страница не найдена |
         Файл: C:\OpenServer\domains\ishop2.loc\public\index.php | Строка: 8
================
[2021-09-11 11:21:53] Текст ошибки:Страница не найдена |
         Файл: C:\OpenServer\domains\ishop2.loc\public\index.php | Строка: 8
================
[2021-09-11 11:22:36] Текст ошибки:Страница не найдена |
         Файл: C:\OpenServer\domains\ishop2.loc\public\index.php | Строка: 8
================
[2021-09-11 11:22:36] Текст ошибки:Страница не найдена |
         Файл: C:\OpenServer\domains\ishop2.loc\public\index.php | Строка: 8
================
[2021-09-11 11:24:13] Текст ошибки:Страница не найдена |
         Файл: C:\OpenServer\domains\ishop2.loc\public\index.php | Строка: 8
================
[2021-09-11 11:24:13] Текст ошибки:Страница не найдена |
         Файл: C:\OpenServer\domains\ishop2.loc\public\index.php | Строка: 8
================
[2021-09-11 11:24:14] Текст ошибки:Страница не найдена |
         Файл: C:\OpenServer\domains\ishop2.loc\public\index.php | Строка: 8
================
[2021-09-11 11:24:14] Текст ошибки:Страница не найдена |
         Файл: C:\OpenServer\domains\ishop2.loc\public\index.php | Строка: 8
================
[2021-09-11 11:24:16] Текст ошибки:Страница не найдена |
         Файл: C:\OpenServer\domains\ishop2.loc\public\index.php | Строка: 8
================
[2021-09-11 11:24:16] Текст ошибки:Страница не найдена |
         Файл: C:\OpenServer\domains\ishop2.loc\public\index.php | Строка: 8
================
[2021-09-11 11:24:17] Текст ошибки:Страница не найдена |
         Файл: C:\OpenServer\domains\ishop2.loc\public\index.php | Строка: 8
================
[2021-09-11 11:24:17] Текст ошибки:Страница не найдена |
         Файл: C:\OpenServer\domains\ishop2.loc\public\index.php | Строка: 8
================
[2021-09-11 11:26:39] Текст ошибки:Страница не найдена |
         Файл: C:\OpenServer\domains\ishop2.loc\public\index.php | Строка: 8
================
[2021-09-11 11:26:39] Текст ошибки:Страница не найдена |
         Файл: C:\OpenServer\domains\ishop2.loc\public\index.php | Строка: 8
================
[2021-09-11 11:29:14] Текст ошибки:Страница не найдена |
         Файл: C:\OpenServer\domains\ishop2.loc\public\index.php | Строка: 8
================
[2021-09-11 11:29:14] Текст ошибки:Страница не найдена |
         Файл: C:\OpenServer\domains\ishop2.loc\public\index.php | Строка: 8
================
[2021-09-11 11:29:15] Текст ошибки:Страница не найдена |
         Файл: C:\OpenServer\domains\ishop2.loc\public\index.php | Строка: 8
================
[2021-09-11 11:29:15] Текст ошибки:Страница не найдена |
         Файл: C:\OpenServer\domains\ishop2.loc\public\index.php | Строка: 8
================
[2021-09-11 11:29:19] Текст ошибки:Страница не найдена |
         Файл: C:\OpenServer\domains\ishop2.loc\public\index.php | Строка: 8
================
[2021-09-11 11:29:19] Текст ошибки:Страница не найдена |
         Файл: C:\OpenServer\domains\ishop2.loc\public\index.php | Строка: 8
================
[2021-09-11 11:30:04] Текст ошибки:Страница не найдена | Файл: C:\OpenServer\domains\ishop2.loc\public\index.php | Строка: 8
================
[2021-09-11 11:30:04] Текст ошибки:Страница не найдена | Файл: C:\OpenServer\domains\ishop2.loc\public\index.php | Строка: 8
================
[2021-09-11 11:30:53] Текст ошибки: Страница не найдена | Файл: C:\OpenServer\domains\ishop2.loc\public\index.php | Строка: 8
================
[2021-09-11 11:30:53] Текст ошибки: Страница не найдена | Файл: C:\OpenServer\domains\ishop2.loc\public\index.php | Строка: 8
================
[2021-09-11 11:30:54] Текст ошибки: Страница не найдена | Файл: C:\OpenServer\domains\ishop2.loc\public\index.php | Строка: 8
================
[2021-09-11 11:30:54] Текст ошибки: Страница не найдена | Файл: C:\OpenServer\domains\ishop2.loc\public\index.php | Строка: 8
================
[2021-09-11 11:30:54] Текст ошибки: Страница не найдена | Файл: C:\OpenServer\domains\ishop2.loc\public\index.php | Строка: 8
================
[2021-09-11 11:30:54] Текст ошибки: Страница не найдена | Файл: C:\OpenServer\domains\ishop2.loc\public\index.php | Строка: 8
================
[2021-09-11 11:32:05] Текст ошибки: Страница не найдена | Файл: C:\OpenServer\domains\ishop2.loc\public\index.php | Строка: 8
================
[2021-09-11 11:32:05] Текст ошибки: Страница не найдена | Файл: C:\OpenServer\domains\ishop2.loc\public\index.php | Строка: 8
================
[2021-09-11 11:32:26] Текст ошибки: Страница не найдена | Файл: C:\OpenServer\domains\ishop2.loc\public\index.php | Строка: 8
=================
[2021-09-11 11:32:26] Текст ошибки: Страница не найдена | Файл: C:\OpenServer\domains\ishop2.loc\public\index.php | Строка: 8
=================
[2021-09-11 11:32:33] Текст ошибки: Страница не найдена | Файл: C:\OpenServer\domains\ishop2.loc\public\index.php | Строка: 8
================
[2021-09-11 11:32:33] Текст ошибки: Страница не найдена | Файл: C:\OpenServer\domains\ishop2.loc\public\index.php | Строка: 8
================
[2021-09-11 11:33:28] Текст ошибки: Страница не найдена | Файл: C:\OpenServer\domains\ishop2.loc\public\index.php | Строка: 8
================
[2021-09-11 11:33:28] Текст ошибки: Страница не найдена | Файл: C:\OpenServer\domains\ishop2.loc\public\index.php | Строка: 8
================
[2021-09-11 11:33:43] Текст ошибки: Страница не найдена | Файл: C:\OpenServer\domains\ishop2.loc\public\index.php | Строка: 8
=================
[2021-09-11 11:33:43] Текст ошибки: Страница не найдена | Файл: C:\OpenServer\domains\ishop2.loc\public\index.php | Строка: 8
=================
[2021-09-11 11:33:56] Текст ошибки: Страница не найдена | Файл: C:\OpenServer\domains\ishop2.loc\public\index.php | Строка: 8
================
[2021-09-11 11:33:56] Текст ошибки: Страница не найдена | Файл: C:\OpenServer\domains\ishop2.loc\public\index.php | Строка: 8
================
[2021-09-11 11:34:51] Текст ошибки: Страница не найдена | Файл: C:\OpenServer\domains\ishop2.loc\public\index.php | Строка: 8
================
[2021-09-11 11:34:51] Текст ошибки: Страница не найдена | Файл: C:\OpenServer\domains\ishop2.loc\public\index.php | Строка: 8
================
[2021-09-11 11:39:35] Текст ошибки: Страница не найдена | Файл: C:\OpenServer\domains\ishop2.loc\public\index.php | Строка: 8
================
[2021-09-11 11:39:35] Текст ошибки: Страница не найдена | Файл: C:\OpenServer\domains\ishop2.loc\public\index.php | Строка: 8
================
[2021-09-11 11:39:43] Текст ошибки: Страница не найдена | Файл: C:\OpenServer\domains\ishop2.loc\public\index.php | Строка: 8
================
[2021-09-11 11:39:43] Текст ошибки: Страница не найдена | Файл: C:\OpenServer\domains\ishop2.loc\public\index.php | Строка: 8
================
[2021-09-11 11:40:03] Текст ошибки: Страница не найдена | Файл: C:\OpenServer\domains\ishop2.loc\public\index.php | Строка: 8
================
[2021-09-11 11:40:03] Текст ошибки: Страница не найдена | Файл: C:\OpenServer\domains\ishop2.loc\public\index.php | Строка: 8
================
[2021-09-11 11:40:11] Текст ошибки: Страница не найдена | Файл: C:\OpenServer\domains\ishop2.loc\public\index.php | Строка: 8
================
[2021-09-11 11:40:12] Текст ошибки: Страница не найдена | Файл: C:\OpenServer\domains\ishop2.loc\public\index.php | Строка: 8
================
[2021-09-11 11:40:12] Текст ошибки: Страница не найдена | Файл: C:\OpenServer\domains\ishop2.loc\public\index.php | Строка: 8
================
[2021-09-11 11:40:13] Текст ошибки: Страница не найдена | Файл: C:\OpenServer\domains\ishop2.loc\public\index.php | Строка: 8
================
[2021-09-11 11:40:14] Текст ошибки: Страница не найдена | Файл: C:\OpenServer\domains\ishop2.loc\public\index.php | Строка: 8
================
[2021-09-11 11:40:15] Текст ошибки: Страница не найдена | Файл: C:\OpenServer\domains\ishop2.loc\public\index.php | Строка: 8
================
[2021-09-11 11:40:15] Текст ошибки: Страница не найдена | Файл: C:\OpenServer\domains\ishop2.loc\public\index.php | Строка: 8
================
[2021-09-11 11:54:09] Текст ошибки: Страница не найдена | Файл: C:\OpenServer\domains\ishop2.loc\public\index.php | Строка: 8
================
[2021-09-11 11:54:09] Текст ошибки: Страница не найдена | Файл: C:\OpenServer\domains\ishop2.loc\public\index.php | Строка: 8
================
[2021-09-11 11:55:14] Текст ошибки: Страница не найдена | Файл: C:\OpenServer\domains\ishop2.loc\public\index.php | Строка: 8
================
[2021-09-11 11:55:14] Текст ошибки: Страница не найдена | Файл: C:\OpenServer\domains\ishop2.loc\public\index.php | Строка: 8
================
[2021-09-11 11:55:22] Текст ошибки: Страница не найдена | Файл: C:\OpenServer\domains\ishop2.loc\public\index.php | Строка: 8
================
[2021-09-11 11:55:22] Текст ошибки: Страница не найдена | Файл: C:\OpenServer\domains\ishop2.loc\public\index.php | Строка: 8
================
